-------------------------------------------------------------------------------
Test set: com.example.premierLeagueManager.PremierLeagueManagerApplicationTests
-------------------------------------------------------------------------------
Tests run: 1, Failures: 0, Errors: 1, Skipped: 0, Time elapsed: 0.309 s <<< FAILURE! - in com.example.premierLeagueManager.PremierLeagueManagerApplicationTests
com.example.premierLeagueManager.PremierLeagueManagerApplicationTests  Time elapsed: 0.306 s  <<< ERROR!
java.lang.IllegalStateException: Unable to find a @SpringBootConfiguration, you need to use @ContextConfiguration or @SpringBootTest(classes=...) with your test

