<?xml version="1.0" encoding="UTF-8"?>
<testsuite xmlns:xsi="http://www.w3.org/2001/XMLSchema-instance" xsi:noNamespaceSchemaLocation="https://maven.apache.org/surefire/maven-surefire-plugin/xsd/surefire-test-report.xsd" name="com.example.premierLeagueManager.PremierLeagueManagerApplicationTests" time="0.309" tests="1" errors="1" skipped="0" failures="0">
  <properties>
[...]
</properties>
  <testcase name="com.example.premierLeagueManager.PremierLeagueManagerApplicationTests" classname="com.example.premierLeagueManager.PremierLeagueManagerApplicationTests" time="0.306">
    <error message="Unable to find a @SpringBootConfiguration, you need to use @ContextConfiguration or @SpringBootTest(classes=...) with your test" type="java.lang.IllegalStateException">java.lang.IllegalStateException: Unable to find a @SpringBootConfiguration, you need to use @ContextConfiguration or @SpringBootTest(classes=...) with your test
</error>
    <system-out><![CDATA[01:36:52.066 [main] DEBUG org.springframework.test.context.BootstrapUtils - Instantiating CacheAwareContextLoaderDelegate from class [org.springframework.test.context.cache.DefaultCacheAwareContextLoaderDelegate]
01:36:52.079 [main] DEBUG org.springframework.test.context.BootstrapUtils - Instantiating BootstrapContext using constructor [public org.springframework.test.context.support.DefaultBootstrapContext(java.lang.Class,org.springframework.test.context.CacheAwareContextLoaderDelegate)]
01:36:52.116 [main] DEBUG org.springframework.test.context.BootstrapUtils - Instantiating TestContextBootstrapper for test class [com.example.premierLeagueManager.PremierLeagueManagerApplicationTests] from class [org.springframework.boot.test.context.SpringBootTestContextBootstrapper]
01:36:52.130 [main] INFO org.springframework.boot.test.context.SpringBootTestContextBootstrapper - Neither @ContextConfiguration nor @ContextHierarchy found for test class [com.example.premierLeagueManager.PremierLeagueManagerApplicationTests], using SpringBootContextLoader
01:36:52.135 [main] DEBUG org.springframework.test.context.support.AbstractContextLoader - Did not detect default resource location for test class [com.example.premierLeagueManager.PremierLeagueManagerApplicationTests]: class path resource [com/example/premierLeagueManager/PremierLeagueManagerApplicationTests-context.xml] does not exist
01:36:52.135 [main] DEBUG org.springframework.test.context.support.AbstractContextLoader - Did not detect default resource location for test class [com.example.premierLeagueManager.PremierLeagueManagerApplicationTests]: class path resource [com/example/premierLeagueManager/PremierLeagueManagerApplicationTestsContext.groovy] does not exist
01:36:52.135 [main] INFO org.springframework.test.context.support.AbstractContextLoader - Could not detect default resource locations for test class [com.example.premierLeagueManager.PremierLeagueManagerApplicationTests]: no resource found for suffixes {-context.xml, Context.groovy}.
01:36:52.136 [main] INFO org.springframework.test.context.support.AnnotationConfigContextLoaderUtils - Could not detect default configuration classes for test class [com.example.premierLeagueManager.PremierLeagueManagerApplicationTests]: PremierLeagueManagerApplicationTests does not declare any static, non-private, non-final, nested classes annotated with @Configuration.
01:36:52.178 [main] DEBUG org.springframework.test.context.support.ActiveProfilesUtils - Could not find an 'annotation declaring class' for annotation type [org.springframework.test.context.ActiveProfiles] and class [com.example.premierLeagueManager.PremierLeagueManagerApplicationTests]
01:36:52.244 [main] DEBUG org.springframework.test.context.BootstrapUtils - Instantiating CacheAwareContextLoaderDelegate from class [org.springframework.test.context.cache.DefaultCacheAwareContextLoaderDelegate]
01:36:52.244 [main] DEBUG org.springframework.test.context.BootstrapUtils - Instantiating BootstrapContext using constructor [public org.springframework.test.context.support.DefaultBootstrapContext(java.lang.Class,org.springframework.test.context.CacheAwareContextLoaderDelegate)]
01:36:52.246 [main] DEBUG org.springframework.test.context.BootstrapUtils - Instantiating TestContextBootstrapper for test class [com.example.premierLeagueManager.PremierLeagueManagerApplicationTests] from class [org.springframework.boot.test.context.SpringBootTestContextBootstrapper]
01:36:52.247 [main] INFO org.springframework.boot.test.context.SpringBootTestContextBootstrapper - Neither @ContextConfiguration nor @ContextHierarchy found for test class [com.example.premierLeagueManager.PremierLeagueManagerApplicationTests], using SpringBootContextLoader
01:36:52.248 [main] DEBUG org.springframework.test.context.support.AbstractContextLoader - Did not detect default resource location for test class [com.example.premierLeagueManager.PremierLeagueManagerApplicationTests]: class path resource [com/example/premierLeagueManager/PremierLeagueManagerApplicationTests-context.xml] does not exist
01:36:52.249 [main] DEBUG org.springframework.test.context.support.AbstractContextLoader - Did not detect default resource location for test class [com.example.premierLeagueManager.PremierLeagueManagerApplicationTests]: class path resource [com/example/premierLeagueManager/PremierLeagueManagerApplicationTestsContext.groovy] does not exist
01:36:52.249 [main] INFO org.springframework.test.context.support.AbstractContextLoader - Could not detect default resource locations for test class [com.example.premierLeagueManager.PremierLeagueManagerApplicationTests]: no resource found for suffixes {-context.xml, Context.groovy}.
01:36:52.249 [main] INFO org.springframework.test.context.support.AnnotationConfigContextLoaderUtils - Could not detect default configuration classes for test class [com.example.premierLeagueManager.PremierLeagueManagerApplicationTests]: PremierLeagueManagerApplicationTests does not declare any static, non-private, non-final, nested classes annotated with @Configuration.
01:36:52.252 [main] DEBUG org.springframework.test.context.support.ActiveProfilesUtils - Could not find an 'annotation declaring class' for annotation type [org.springframework.test.context.ActiveProfiles] and class [com.example.premierLeagueManager.PremierLeagueManagerApplicationTests]
01:36:52.268 [main] DEBUG org.springframework.test.context.BootstrapUtils - Instantiating CacheAwareContextLoaderDelegate from class [org.springframework.test.context.cache.DefaultCacheAwareContextLoaderDelegate]
01:36:52.268 [main] DEBUG org.springframework.test.context.BootstrapUtils - Instantiating BootstrapContext using constructor [public org.springframework.test.context.support.DefaultBootstrapContext(java.lang.Class,org.springframework.test.context.CacheAwareContextLoaderDelegate)]
01:36:52.269 [main] DEBUG org.springframework.test.context.BootstrapUtils - Instantiating TestContextBootstrapper for test class [com.example.premierLeagueManager.PremierLeagueManagerApplicationTests] from class [org.springframework.boot.test.context.SpringBootTestContextBootstrapper]
01:36:52.270 [main] INFO org.springframework.boot.test.context.SpringBootTestContextBootstrapper - Neither @ContextConfiguration nor @ContextHierarchy found for test class [com.example.premierLeagueManager.PremierLeagueManagerApplicationTests], using SpringBootContextLoader
01:36:52.272 [main] DEBUG org.springframework.test.context.support.AbstractContextLoader - Did not detect default resource location for test class [com.example.premierLeagueManager.PremierLeagueManagerApplicationTests]: class path resource [com/example/premierLeagueManager/PremierLeagueManagerApplicationTests-context.xml] does not exist
01:36:52.273 [main] DEBUG org.springframework.test.context.support.AbstractContextLoader - Did not detect default resource location for test class [com.example.premierLeagueManager.PremierLeagueManagerApplicationTests]: class path resource [com/example/premierLeagueManager/PremierLeagueManagerApplicationTestsContext.groovy] does not exist
01:36:52.274 [main] INFO org.springframework.test.context.support.AbstractContextLoader - Could not detect default resource locations for test class [com.example.premierLeagueManager.PremierLeagueManagerApplicationTests]: no resource found for suffixes {-context.xml, Context.groovy}.
01:36:52.274 [main] INFO org.springframework.test.context.support.AnnotationConfigContextLoaderUtils - Could not detect default configuration classes for test class [com.example.premierLeagueManager.PremierLeagueManagerApplicationTests]: PremierLeagueManagerApplicationTests does not declare any static, non-private, non-final, nested classes annotated with @Configuration.
01:36:52.277 [main] DEBUG org.springframework.test.context.support.ActiveProfilesUtils - Could not find an 'annotation declaring class' for annotation type [org.springframework.test.context.ActiveProfiles] and class [com.example.premierLeagueManager.PremierLeagueManagerApplicationTests]
]]></system-out>
  </testcase>
</testsuite>